2024-09-29 23:13:26,458 - INFO - Starting Snowflake resource deployment process.
2024-09-29 23:13:26,459 - INFO - Attempting to create database: demo_database
2024-09-29 23:13:26,459 - INFO - Snowflake Connector for Python Version: 3.12.2, Python Version: 3.10.9, Platform: macOS-10.16-x86_64-i386-64bit
2024-09-29 23:13:26,459 - INFO - Connecting to GLOBAL Snowflake domain
2024-09-29 23:13:26,459 - INFO - This connection is in OCSP Fail Open Mode. TLS Certificates would be checked for validity and revocation status. Any other Certificate Revocation related exceptions or OCSP Responder failures would be disregarded in favor of connectivity.
2024-09-29 23:13:27,178 - INFO - Number of results in first chunk: 1
2024-09-29 23:13:27,178 - INFO - Database 'demo_database' created successfully.
2024-09-29 23:13:27,178 - INFO - closed
2024-09-29 23:13:27,222 - INFO - No async queries seem to be running, deleting session
2024-09-29 23:13:27,272 - INFO - Attempting to create schema: demo_schema
2024-09-29 23:13:27,272 - INFO - Snowflake Connector for Python Version: 3.12.2, Python Version: 3.10.9, Platform: macOS-10.16-x86_64-i386-64bit
2024-09-29 23:13:27,272 - INFO - Connecting to GLOBAL Snowflake domain
2024-09-29 23:13:27,272 - INFO - This connection is in OCSP Fail Open Mode. TLS Certificates would be checked for validity and revocation status. Any other Certificate Revocation related exceptions or OCSP Responder failures would be disregarded in favor of connectivity.
2024-09-29 23:13:27,629 - INFO - Number of results in first chunk: 1
2024-09-29 23:13:27,629 - INFO - Schema 'demo_schema' created successfully.
2024-09-29 23:13:27,629 - INFO - closed
2024-09-29 23:13:27,672 - INFO - No async queries seem to be running, deleting session
2024-09-29 23:13:27,739 - INFO - Starting Liquibase migration.
2024-09-29 23:13:32,230 - ERROR - Liquibase migration failed with exit code 1
2024-09-29 23:13:32,230 - ERROR - Error output: ####################################################
##   _     _             _ _                      ##
##  | |   (_)           (_) |                     ##
##  | |    _  __ _ _   _ _| |__   __ _ ___  ___   ##
##  | |   | |/ _` | | | | | '_ \ / _` / __|/ _ \  ##
##  | |___| | (_| | |_| | | |_) | (_| \__ \  __/  ##
##  \_____/_|\__, |\__,_|_|_.__/ \__,_|___/\___|  ##
##              | |                               ##
##              |_|                               ##
##                                                ## 
##  Get documentation at docs.liquibase.com       ##
##  Get certified courses at learn.liquibase.com  ## 
##                                                ##
####################################################
Starting Liquibase at 23:13:30 using Java 23 (version 4.29.2 #3683 built at 2024-08-29 16:45+0000)
Liquibase Version: 4.29.2
Liquibase Open Source 4.29.2 by Liquibase
ERROR: Exception Details
ERROR: Exception Primary Class:  FileNotFoundException
ERROR: Exception Primary Reason:  The file ../migrations/V1__create_database.sql was not found in the configured search path:
    - /Users/krish/automation-snowflake-harness
    - /usr/local/Cellar/liquibase/4.29.2/libexec/internal/lib/liquibase-core.jar
    - /usr/local/Cellar/liquibase/4.29.2/libexec/lib
    - /usr/local/Cellar/liquibase/4.29.2/libexec/internal/lib/jaybird.jar
    - /usr/local/Cellar/liquibase/4.29.2/libexec/internal/lib/ojdbc8.jar
    - /usr/local/Cellar/liquibase/4.29.2/libexec/internal/lib/snakeyaml.jar
    - /usr/local/Cellar/liquibase/4.29.2/libexec/internal/lib/snowflake-jdbc.jar
    - /usr/local/Cellar/liquibase/4.29.2/libexec/internal/lib/slf4j-api.jar
    - /usr/local/Cellar/liquibase/4.29.2/libexec/internal/lib/picocli.jar
    - /usr/local/Cellar/liquibase/4.29.2/libexec/internal/lib/jaxb-runtime.jar
    - /usr/local/Cellar/liquibase/4.29.2/libexec/internal/lib/commons-io.jar
    - /usr/local/Cellar/liquibase/4.29.2/libexec/internal/lib/jaxb-api.jar
    - /usr/local/Cellar/liquibase/4.29.2/libexec/internal/lib/jaxb-core.jar
    - /usr/local/Cellar/liquibase/4.29.2/libexec/internal/lib/hsqldb.jar
    - /usr/local/Cellar/liquibase/4.29.2/libexec/internal/lib/mssql-jdbc.jar
    - /usr/local/Cellar/liquibase/4.29.2/libexec/internal/lib/h2.jar
    - /usr/local/Cellar/liquibase/4.29.2/libexec/internal/lib/mariadb-java-client.jar
    - /usr/local/Cellar/liquibase/4.29.2/libexec/internal/lib/liquibase-commercial.jar
    - /usr/local/Cellar/liquibase/4.29.2/libexec/internal/lib/commons-lang3.jar
    - /usr/local/Cellar/liquibase/4.29.2/libexec/internal/lib/postgresql.jar
    - /usr/local/Cellar/liquibase/4.29.2/libexec/internal/lib/slf4j-simple.jar
    - /usr/local/Cellar/liquibase/4.29.2/libexec/internal/lib/sqlite-jdbc.jar
    - /usr/local/Cellar/liquibase/4.29.2/libexec/internal/lib/opencsv.jar
    - /usr/local/Cellar/liquibase/4.29.2/libexec/internal/lib/commons-text.jar
    - /usr/local/Cellar/liquibase/4.29.2/libexec/internal/lib/commons-collections4.jar
    - /usr/local/Cellar/liquibase/4.29.2/libexec/internal/lib/jcc.jar
    - /usr/local/Cellar/liquibase/4.29.2/libexec/internal/lib
    - /usr/local/Cellar/liquibase/4.29.2/libexec/internal/extensions/liquibase-commercial-bigquery.jar
    - /usr/local/Cellar/liquibase/4.29.2/libexec/internal/extensions
More locations can be added with the 'searchPath' parameter.
ERROR: Exception Primary Source:  Snowflake 8.36.3

Unexpected error running Liquibase: The file ../migrations/V1__create_database.sql was not found in the configured search path:
    - /Users/krish/automation-snowflake-harness
    - /usr/local/Cellar/liquibase/4.29.2/libexec/internal/lib/liquibase-core.jar
    - /usr/local/Cellar/liquibase/4.29.2/libexec/lib
    - /usr/local/Cellar/liquibase/4.29.2/libexec/internal/lib/jaybird.jar
    - /usr/local/Cellar/liquibase/4.29.2/libexec/internal/lib/ojdbc8.jar
    - /usr/local/Cellar/liquibase/4.29.2/libexec/internal/lib/snakeyaml.jar
    - /usr/local/Cellar/liquibase/4.29.2/libexec/internal/lib/snowflake-jdbc.jar
    - /usr/local/Cellar/liquibase/4.29.2/libexec/internal/lib/slf4j-api.jar
    - /usr/local/Cellar/liquibase/4.29.2/libexec/internal/lib/picocli.jar
    - /usr/local/Cellar/liquibase/4.29.2/libexec/internal/lib/jaxb-runtime.jar
    - /usr/local/Cellar/liquibase/4.29.2/libexec/internal/lib/commons-io.jar
    - /usr/local/Cellar/liquibase/4.29.2/libexec/internal/lib/jaxb-api.jar
    - /usr/local/Cellar/liquibase/4.29.2/libexec/internal/lib/jaxb-core.jar
    - /usr/local/Cellar/liquibase/4.29.2/libexec/internal/lib/hsqldb.jar
    - /usr/local/Cellar/liquibase/4.29.2/libexec/internal/lib/mssql-jdbc.jar
    - /usr/local/Cellar/liquibase/4.29.2/libexec/internal/lib/h2.jar
    - /usr/local/Cellar/liquibase/4.29.2/libexec/internal/lib/mariadb-java-client.jar
    - /usr/local/Cellar/liquibase/4.29.2/libexec/internal/lib/liquibase-commercial.jar
    - /usr/local/Cellar/liquibase/4.29.2/libexec/internal/lib/commons-lang3.jar
    - /usr/local/Cellar/liquibase/4.29.2/libexec/internal/lib/postgresql.jar
    - /usr/local/Cellar/liquibase/4.29.2/libexec/internal/lib/slf4j-simple.jar
    - /usr/local/Cellar/liquibase/4.29.2/libexec/internal/lib/sqlite-jdbc.jar
    - /usr/local/Cellar/liquibase/4.29.2/libexec/internal/lib/opencsv.jar
    - /usr/local/Cellar/liquibase/4.29.2/libexec/internal/lib/commons-text.jar
    - /usr/local/Cellar/liquibase/4.29.2/libexec/internal/lib/commons-collections4.jar
    - /usr/local/Cellar/liquibase/4.29.2/libexec/internal/lib/jcc.jar
    - /usr/local/Cellar/liquibase/4.29.2/libexec/internal/lib
    - /usr/local/Cellar/liquibase/4.29.2/libexec/internal/extensions/liquibase-commercial-bigquery.jar
    - /usr/local/Cellar/liquibase/4.29.2/libexec/internal/extensions
More locations can be added with the 'searchPath' parameter.

For more information, please use the --log-level flag

2024-09-29 23:13:32,230 - ERROR - Standard output: 
2024-09-29 23:13:32,230 - INFO - Snowflake resource deployment process completed.
