2024-09-24 17:40:31,851 - INFO - Note: NumExpr detected 12 cores but "NUMEXPR_MAX_THREADS" not set, so enforcing safe limit of 8.
2024-09-24 17:40:31,852 - INFO - NumExpr defaulting to 8 threads.
2024-09-24 17:40:32,317 - INFO - Starting the migration process.
2024-09-24 17:40:32,317 - INFO - Connecting to Snowflake...
2024-09-24 17:40:32,317 - INFO - Snowflake Connector for Python Version: 3.12.2, Python Version: 3.10.9, Platform: macOS-10.16-x86_64-i386-64bit
2024-09-24 17:40:32,318 - INFO - Connecting to GLOBAL Snowflake domain
2024-09-24 17:40:32,318 - INFO - This connection is in OCSP Fail Open Mode. TLS Certificates would be checked for validity and revocation status. Any other Certificate Revocation related exceptions or OCSP Responder failures would be disregarded in favor of connectivity.
2024-09-24 17:40:32,852 - INFO - Connection to Snowflake established successfully.
2024-09-24 17:40:33,317 - INFO - Number of results in first chunk: 1
2024-09-24 17:40:33,317 - INFO - Schema demo_schema created successfully.
2024-09-24 17:40:33,317 - INFO - closed
2024-09-24 17:40:33,370 - INFO - No async queries seem to be running, deleting session
2024-09-24 17:40:33,471 - INFO - Starting Liquibase migration...
2024-09-24 17:40:46,773 - INFO - Migration Output:

UPDATE SUMMARY
Run:                          1
Previously run:               0
Filtered out:                 0
-------------------------------
Total change sets:            1


2024-09-24 17:40:46,774 - INFO - Migration process completed.
